SF:lib/src/main.dart
DA:11,0
DA:12,0
DA:13,0
DA:15,0
DA:16,0
DA:17,0
DA:18,0
DA:19,0
DA:22,0
DA:24,0
DA:25,0
LF:11
LH:0
end_of_record
SF:lib/src/core/adapters/injector/injector.dart
DA:9,3
DA:12,1
DA:14,2
DA:17,1
DA:19,3
DA:22,0
DA:24,0
DA:28,3
LF:8
LH:6
end_of_record
SF:lib/src/core/adapters/shared_preferences/shared_preferences.dart
DA:16,0
DA:18,0
DA:19,0
DA:22,0
DA:24,0
DA:27,0
DA:32,0
DA:33,0
DA:36,0
DA:39,0
DA:41,0
LF:11
LH:0
end_of_record
SF:lib/src/core/adapters/http/client_response.dart
DA:2,2
LF:1
LH:1
end_of_record
SF:lib/src/core/adapters/http/client_response_ext.dart
DA:7,0
DA:8,0
DA:9,0
LF:3
LH:0
end_of_record
SF:lib/src/core/adapters/http/http_client.dart
DA:10,0
DA:16,0
DA:18,0
DA:20,0
DA:22,0
LF:5
LH:0
end_of_record
SF:lib/src/core/dependencies/dependencies.dart
DA:10,0
DA:11,0
DA:12,0
DA:13,0
DA:14,0
LF:5
LH:0
end_of_record
SF:lib/src/core/result/result.dart
DA:8,19
DA:11,8
DA:15,24
DA:17,27
DA:19,0
LF:5
LH:4
end_of_record
SF:lib/src/core/widget_testable/widget_testable_builder.dart
DA:5,2
DA:6,2
DA:10,0
DA:12,4
DA:14,2
DA:17,2
DA:21,4
DA:22,2
DA:23,2
DA:30,2
DA:36,2
DA:37,2
DA:38,2
DA:39,2
DA:40,2
LF:15
LH:14
end_of_record
SF:lib/src/core/routes/routes.dart
DA:10,0
DA:11,0
DA:12,0
DA:13,0
LF:4
LH:0
end_of_record
SF:lib/src/core/dependencies/core_dependencies.dart
DA:3,0
DA:4,0
DA:5,0
DA:8,0
DA:9,0
LF:5
LH:0
end_of_record
SF:lib/src/core/dependencies/cubit_dependencies.dart
DA:3,0
DA:4,0
DA:5,0
DA:6,0
DA:7,0
DA:8,0
DA:9,0
LF:7
LH:0
end_of_record
SF:lib/src/core/dependencies/repositories_dependencies.dart
DA:5,0
DA:6,0
DA:7,0
DA:8,0
DA:12,0
DA:13,0
DA:14,0
DA:18,0
DA:19,0
DA:20,0
DA:24,0
DA:25,0
DA:26,0
LF:13
LH:0
end_of_record
SF:lib/src/core/dependencies/usecases_dependencies.dart
DA:3,0
DA:4,0
DA:5,0
DA:6,0
DA:10,0
DA:11,0
DA:12,0
DA:16,0
DA:17,0
DA:18,0
DA:22,0
DA:23,0
DA:24,0
LF:13
LH:0
end_of_record
SF:lib/src/core/shared/theme/theme.dart
DA:4,0
DA:5,0
DA:9,0
DA:10,0
DA:15,0
DA:20,0
DA:25,0
LF:7
LH:0
end_of_record
SF:lib/src/core/shared/widgets/base_app_bar.dart
DA:7,2
DA:11,2
DA:12,2
DA:16,2
DA:18,2
DA:19,2
DA:26,2
DA:27,2
LF:8
LH:8
end_of_record
SF:lib/src/core/shared/widgets/bottom_navigation.dart
DA:5,22
DA:7,0
DA:9,2
DA:11,2
DA:14,2
DA:17,2
DA:18,2
DA:22,0
DA:24,0
DA:27,2
DA:31,0
DA:33,2
DA:37,0
DA:44,2
DA:50,2
DA:52,2
DA:54,2
DA:55,2
DA:57,4
DA:59,2
DA:61,8
DA:70,0
LF:22
LH:16
end_of_record
SF:lib/src/core/shared/widgets/loading_widget.dart
DA:5,11
DA:7,0
DA:9,0
DA:10,0
DA:11,0
LF:5
LH:1
end_of_record
SF:lib/src/core/shared/widgets/structure_base.dart
DA:4,3
DA:15,3
DA:17,3
DA:19,3
DA:21,3
DA:22,3
DA:23,3
DA:24,3
DA:25,3
DA:26,3
DA:28,3
LF:11
LH:11
end_of_record
SF:lib/src/core/shared/widgets/type_pokemon_color.dart
DA:4,2
DA:15,2
DA:16,2
DA:17,2
DA:19,2
DA:21,2
DA:23,2
DA:25,2
DA:27,2
DA:29,2
DA:31,2
DA:33,2
DA:35,2
DA:37,2
DA:39,2
DA:41,2
DA:43,1
DA:45,1
DA:47,1
DA:49,1
DA:51,1
DA:53,1
DA:55,1
DA:62,2
DA:64,2
DA:66,4
DA:67,2
DA:73,2
DA:74,2
DA:75,2
DA:77,2
DA:78,2
DA:79,2
DA:80,4
DA:82,8
LF:35
LH:35
end_of_record
SF:lib/src/modules/details_pokemon/presentation/pages/details_pokemon_page.dart
DA:8,12
DA:10,1
DA:11,1
DA:15,1
DA:17,3
DA:18,0
DA:20,1
DA:22,1
DA:23,1
DA:25,0
DA:27,0
DA:31,1
DA:32,1
DA:33,1
DA:35,1
DA:37,1
DA:39,1
DA:41,1
DA:42,1
DA:45,1
DA:46,1
DA:48,1
DA:49,1
DA:50,2
DA:51,1
DA:52,1
DA:53,1
DA:54,1
DA:55,3
DA:58,1
DA:59,2
DA:60,3
DA:64,2
DA:68,1
DA:71,1
DA:72,1
DA:73,2
DA:77,1
DA:78,2
DA:82,1
DA:83,2
LF:41
LH:38
end_of_record
SF:lib/src/modules/details_pokemon/presentation/widgets/linear_grafic.dart
DA:5,1
DA:10,1
DA:16,1
DA:18,1
DA:19,1
DA:20,1
DA:21,1
DA:22,1
DA:23,3
DA:26,1
DA:27,1
DA:28,2
DA:30,1
LF:13
LH:13
end_of_record
SF:lib/src/modules/home/data/models/pokemon_model.dart
DA:7,9
DA:15,3
DA:25,2
DA:26,1
DA:27,1
DA:28,1
DA:29,1
DA:30,1
DA:31,1
DA:32,1
DA:35,2
DA:36,1
DA:37,1
DA:38,1
DA:39,1
DA:40,1
DA:41,1
DA:42,1
DA:45,1
DA:46,1
DA:48,4
DA:49,1
DA:50,2
DA:51,4
DA:52,4
DA:53,4
DA:54,4
DA:58,3
DA:60,1
DA:61,1
DA:62,1
DA:63,1
DA:64,1
DA:65,1
DA:66,1
DA:67,1
DA:68,1
DA:69,1
LF:38
LH:38
end_of_record
SF:lib/src/modules/home/data/models/pokemon_type_model.dart
DA:4,3
DA:7,1
DA:12,0
DA:13,0
DA:14,0
DA:17,1
DA:18,1
DA:19,1
DA:20,1
LF:9
LH:6
end_of_record
SF:lib/src/modules/home/domain/entities/pokemon_entity.dart
DA:12,9
DA:22,2
DA:23,2
DA:24,2
DA:25,2
DA:26,2
DA:27,2
DA:28,2
DA:29,2
DA:30,2
LF:10
LH:10
end_of_record
SF:lib/src/modules/home/domain/entities/pokemon_type_entity.dart
DA:7,3
DA:9,1
DA:10,3
LF:3
LH:3
end_of_record
SF:lib/src/modules/home/data/repositories/get_all_pokemons_type_repository.dart
DA:6,1
DA:8,1
DA:11,2
DA:15,2
DA:16,3
DA:17,1
DA:19,1
DA:21,2
LF:8
LH:8
end_of_record
SF:lib/src/modules/home/data/repositories/get_pokemon_by_name_repository.dart
DA:6,1
DA:8,1
DA:12,1
DA:13,1
DA:15,2
DA:16,2
DA:19,2
DA:21,1
DA:22,1
DA:23,1
DA:25,2
DA:26,0
DA:28,2
LF:13
LH:12
end_of_record
SF:lib/src/modules/home/data/repositories/read_searched_pokemon_history_repository.dart
DA:7,1
DA:9,1
DA:12,2
DA:16,1
DA:19,1
DA:20,2
DA:22,1
DA:24,1
DA:26,1
DA:27,1
LF:10
LH:10
end_of_record
SF:lib/src/modules/home/data/repositories/save_searched_pokemon_history_repository.dart
DA:8,1
DA:10,1
DA:13,2
DA:14,2
DA:18,1
DA:19,2
DA:21,1
DA:22,1
DA:30,1
DA:32,1
DA:33,4
DA:36,1
DA:39,2
DA:41,1
DA:48,2
LF:15
LH:15
end_of_record
SF:lib/src/modules/home/domain/exception/exception.dart
DA:4,0
DA:11,2
DA:18,2
DA:25,2
DA:32,2
LF:5
LH:4
end_of_record
SF:lib/src/modules/home/domain/usecases/get_all_pokemon_type_usecases.dart
DA:10,1
DA:14,1
DA:16,2
LF:3
LH:3
end_of_record
SF:lib/src/modules/home/domain/usecases/get_pokemon_by_name_usecase.dart
DA:12,1
DA:16,1
DA:20,2
LF:3
LH:3
end_of_record
SF:lib/src/modules/home/domain/usecases/read_searched_pokemon_history_usecase.dart
DA:11,1
DA:15,1
DA:17,2
LF:3
LH:3
end_of_record
SF:lib/src/modules/home/domain/usecases/save_searched_pokemon_history_usecase.dart
DA:10,1
DA:14,1
DA:16,2
LF:3
LH:3
end_of_record
SF:lib/src/modules/home/presentation/pages/home_page.dart
DA:7,12
DA:9,1
DA:10,1
DA:17,1
DA:19,1
DA:20,1
DA:23,1
DA:24,3
DA:26,2
DA:28,2
DA:29,2
DA:32,1
DA:34,1
DA:36,1
DA:37,0
DA:38,0
DA:39,0
DA:42,0
DA:43,0
DA:49,0
DA:50,0
DA:51,0
DA:53,0
DA:56,1
DA:57,1
DA:58,1
DA:60,1
DA:61,1
DA:63,1
DA:64,1
DA:65,1
DA:66,1
DA:70,1
DA:71,1
DA:72,2
DA:73,2
DA:86,1
DA:91,1
DA:93,1
DA:94,1
DA:95,1
DA:96,1
DA:100,1
DA:103,1
DA:104,4
DA:107,1
DA:109,1
DA:110,1
DA:111,1
DA:112,1
DA:114,1
DA:117,1
DA:118,1
DA:120,1
DA:121,1
DA:122,1
DA:123,1
DA:126,3
DA:130,1
DA:132,3
DA:135,1
DA:137,1
DA:138,2
DA:144,1
DA:149,1
DA:152,1
DA:160,1
DA:164,1
DA:165,1
DA:166,1
DA:169,1
DA:173,1
DA:175,1
DA:177,1
DA:178,1
DA:180,4
DA:184,1
DA:185,1
DA:186,1
DA:190,1
DA:195,1
DA:197,1
DA:198,1
DA:199,1
DA:200,2
DA:201,1
DA:204,1
DA:215,2
DA:216,1
DA:218,1
DA:220,1
DA:221,1
DA:223,4
DA:224,3
DA:229,1
DA:230,1
DA:231,1
DA:235,2
DA:236,1
DA:237,1
DA:240,1
DA:241,1
DA:245,1
DA:247,1
DA:248,1
DA:249,1
DA:250,1
DA:251,3
DA:260,1
DA:264,1
DA:265,1
DA:266,2
DA:267,1
DA:268,1
DA:269,1
DA:270,1
DA:271,0
DA:274,0
DA:280,1
LF:119
LH:108
end_of_record
SF:lib/src/modules/home/presentation/view_model/cubit.dart
DA:5,1
DA:14,1
DA:15,1
DA:26,1
DA:27,2
DA:31,1
DA:33,2
DA:38,1
DA:40,2
DA:42,2
DA:44,1
DA:46,2
DA:47,2
DA:48,0
DA:49,0
DA:51,0
DA:55,1
DA:57,2
DA:59,2
DA:63,1
DA:65,2
DA:67,3
DA:68,0
DA:69,0
DA:71,0
DA:75,1
DA:77,2
DA:79,2
DA:81,1
DA:83,2
DA:84,2
DA:85,0
DA:86,0
DA:88,0
LF:34
LH:25
end_of_record
SF:lib/src/modules/home/presentation/view_model/state.dart
DA:9,0
DA:10,0
DA:16,0
DA:17,0
DA:21,0
DA:22,0
DA:26,0
DA:27,0
DA:33,1
DA:35,0
DA:36,0
DA:40,1
DA:44,0
DA:45,0
DA:49,1
DA:52,0
DA:53,0
DA:62,0
DA:64,0
DA:65,0
DA:71,0
DA:73,0
DA:74,0
LF:23
LH:3
end_of_record
SF:lib/src/modules/home/presentation/widgets/card_pokemon_widget.dart
DA:6,1
DA:21,1
DA:23,1
DA:24,1
DA:25,1
DA:28,1
DA:30,1
DA:31,1
DA:32,1
DA:33,1
DA:40,1
DA:41,1
DA:42,1
DA:43,1
DA:45,1
DA:46,1
DA:47,1
DA:48,2
DA:49,4
DA:50,3
DA:54,2
DA:55,1
DA:56,2
DA:57,4
DA:58,3
DA:64,1
DA:65,1
DA:66,1
DA:69,1
DA:73,1
DA:76,1
DA:77,1
LF:32
LH:32
end_of_record
SF:lib/src/modules/home/presentation/widgets/text_form_field_search_pokemon.dart
DA:4,1
DA:15,1
DA:17,1
DA:19,1
DA:21,1
DA:22,1
DA:23,1
DA:24,4
DA:31,1
DA:33,1
DA:34,1
DA:35,1
DA:42,1
DA:43,1
DA:49,1
DA:51,1
DA:52,1
DA:53,1
DA:54,1
DA:55,3
LF:20
LH:20
end_of_record
SF:lib/src/modules/onboarding/presentation/pages/onboarding_page.dart
DA:5,12
DA:7,1
DA:9,1
DA:10,1
DA:11,1
DA:12,1
DA:14,1
DA:16,1
DA:17,1
DA:18,1
DA:21,1
DA:27,1
DA:30,1
DA:40,1
DA:41,1
DA:42,1
DA:43,1
DA:44,1
DA:46,3
DA:47,1
DA:48,1
DA:51,4
DA:52,3
DA:61,1
DA:66,3
DA:70,1
DA:72,1
DA:76,3
DA:79,1
DA:80,1
DA:82,1
DA:84,3
LF:32
LH:32
end_of_record
SF:lib/src/modules/onboarding/presentation/widget/main_button.dart
DA:4,1
DA:13,1
DA:15,1
DA:16,1
DA:17,1
DA:19,1
DA:20,3
DA:24,1
DA:25,1
DA:26,1
DA:32,1
DA:33,1
LF:12
LH:12
end_of_record
